Build started 16/9/2563 18:04:04.
     1>Project "C:\Users\840G2\Desktop\MIDTERM\CPP\test1\HW4-6306021622096\HW4-6306021622096\HW4-6306021622096.vcxproj" on node 2 (build target(s)).
     1>InitializeBuildStatus:
         Creating "Debug\HW4-6306021622096.unsuccessfulbuild" because "AlwaysCreate" was specified.
       ClCompile:
         C:\Program Files (x86)\Microsoft Visual Studio 10.0\VC\bin\CL.exe /c /ZI /nologo /W3 /WX- /Od /Oy- /D WIN32 /D _DEBUG /D _CONSOLE /D _UNICODE /D UNICODE /Gm /EHsc /RTC1 /MDd /GS /fp:precise /Zc:wchar_t /Zc:forScope /Fo"Debug\\" /Fd"Debug\vc100.pdb" /Gd /TP /analyze- /errorReport:prompt "HW4-6306021622096.cpp"
         HW4-6306021622096.cpp
     1>c:\users\840g2\desktop\midterm\cpp\test1\hw4-6306021622096\hw4-6306021622096\hw4-6306021622096.cpp(15): warning C4244: 'argument' : conversion from 'time_t' to 'unsigned int', possible loss of data
       ManifestResourceCompile:
         All outputs are up-to-date.
       Link:
         C:\Program Files (x86)\Microsoft Visual Studio 10.0\VC\bin\link.exe /ERRORREPORT:PROMPT /OUT:"C:\Users\840G2\Desktop\MIDTERM\CPP\test1\HW4-6306021622096\Debug\HW4-6306021622096.exe" /INCREMENTAL /NOLOGO kernel32.lib user32.lib gdi32.lib winspool.lib comdlg32.lib advapi32.lib shell32.lib ole32.lib oleaut32.lib uuid.lib odbc32.lib odbccp32.lib /MANIFEST /ManifestFile:"Debug\HW4-6306021622096.exe.intermediate.manifest" /MANIFESTUAC:"level='asInvoker' uiAccess='false'" /DEBUG /PDB:"C:\Users\840G2\Desktop\MIDTERM\CPP\test1\HW4-6306021622096\Debug\HW4-6306021622096.pdb" /SUBSYSTEM:CONSOLE /TLBID:1 /DYNAMICBASE /NXCOMPAT /IMPLIB:"C:\Users\840G2\Desktop\MIDTERM\CPP\test1\HW4-6306021622096\Debug\HW4-6306021622096.lib" /MACHINE:X86 "Debug\HW4-6306021622096.exe.embed.manifest.res"
         "Debug\HW4-6306021622096.obj"
       Manifest:
         C:\Program Files (x86)\Microsoft SDKs\Windows\v7.0A\bin\mt.exe /nologo /verbose /out:"Debug\HW4-6306021622096.exe.embed.manifest" /manifest "Debug\HW4-6306021622096.exe.intermediate.manifest"
         All outputs are up-to-date.
       LinkEmbedManifest:
         All outputs are up-to-date.
         HW4-6306021622096.vcxproj -> C:\Users\840G2\Desktop\MIDTERM\CPP\test1\HW4-6306021622096\Debug\HW4-6306021622096.exe
       FinalizeBuildStatus:
         Deleting file "Debug\HW4-6306021622096.unsuccessfulbuild".
         Touching "Debug\HW4-6306021622096.lastbuildstate".
     1>Done Building Project "C:\Users\840G2\Desktop\MIDTERM\CPP\test1\HW4-6306021622096\HW4-6306021622096\HW4-6306021622096.vcxproj" (build target(s)).

Build succeeded.

Time Elapsed 00:00:01.57
